SprMaker ver 2.01beta  (2010-06-16)				  Elecbyte 2010
Processing sprites: done.                                      

Stats
21 sprites (21 unique), 1 palettes (1 unique, 20 discarded)
21 unique 8-bit sprite(s)
ldata   : 34257 bytes 	tdata   : 0 bytes
filesize: 35373 bytes (0 bytes saved by optimization before cropping)
mem use : 44777 bytes

21 sprite(s) compressed; 72560 bytes saved; avg compression 31.41%
SprMaker ver 2.01beta  (2010-06-16)				  Elecbyte 2010
Processing sprites: done.                                      

Stats
61 sprites (61 unique), 1 palettes (1 unique, 60 discarded)
61 unique 8-bit sprite(s)
ldata   : 118776 bytes 	tdata   : 0 bytes
filesize: 121012 bytes (0 bytes saved by optimization before cropping)
mem use : 145356 bytes

61 sprite(s) compressed; 176881 bytes saved; avg compression 39.97%
SprMaker ver 2.01beta  (2010-06-16)				  Elecbyte 2010
Processing sprites: done.                                      

Stats
25 sprites (25 unique), 1 palettes (1 unique, 24 discarded)
25 unique 8-bit sprite(s)
ldata   : 37858 bytes 	tdata   : 0 bytes
filesize: 39086 bytes (0 bytes saved by optimization before cropping)
mem use : 50346 bytes

25 sprite(s) compressed; 91643 bytes saved; avg compression 28.67%
SprMaker ver 2.01beta  (2010-06-16)				  Elecbyte 2010
Processing sprites: done.                                      

Stats
21 sprites (21 unique), 1 palettes (1 unique, 20 discarded)
21 unique 8-bit sprite(s)
ldata   : 36536 bytes 	tdata   : 0 bytes
filesize: 37652 bytes (0 bytes saved by optimization before cropping)
mem use : 47404 bytes

21 sprite(s) compressed; 81976 bytes saved; avg compression 30.23%
SprMaker ver 2.01beta  (2010-06-16)				  Elecbyte 2010
Processing sprites: done.                                      

Stats
37 sprites (37 unique), 1 palettes (1 unique, 36 discarded)
37 unique 8-bit sprite(s)
ldata   : 78351 bytes 	tdata   : 0 bytes
filesize: 79915 bytes (0 bytes saved by optimization before cropping)
mem use : 97215 bytes

31 sprite(s) cropped; 16525 bytes (16525 pixels) eliminated
37 sprite(s) compressed; 201463 bytes saved; avg compression 27.74%
SprMaker ver 2.01beta  (2010-06-16)				  Elecbyte 2010
Processing sprites: done.                                      

Stats
61 sprites (61 unique), 1 palettes (1 unique, 60 discarded)
61 unique 8-bit sprite(s)
ldata   : 118776 bytes 	tdata   : 0 bytes
filesize: 121012 bytes (0 bytes saved by optimization before cropping)
mem use : 145356 bytes

61 sprite(s) compressed; 176881 bytes saved; avg compression 39.97%
SprMaker ver 2.01beta  (2010-06-16)				  Elecbyte 2010
Processing sprites: done.                                      

Stats
25 sprites (25 unique), 1 palettes (1 unique, 24 discarded)
25 unique 8-bit sprite(s)
ldata   : 37858 bytes 	tdata   : 0 bytes
filesize: 39086 bytes (0 bytes saved by optimization before cropping)
mem use : 50346 bytes

25 sprite(s) compressed; 91643 bytes saved; avg compression 28.67%
SprMaker ver 2.01beta  (2010-06-16)				  Elecbyte 2010
Processing sprites: done.                                      

Stats
64 sprites (64 unique), 1 palettes (1 unique, 63 discarded)
64 unique 8-bit sprite(s)
ldata   : 192224 bytes 	tdata   : 0 bytes
filesize: 194544 bytes (0 bytes saved by optimization before cropping)
mem use : 225900 bytes

64 sprite(s) compressed; 566913 bytes saved; avg compression 25.22%
SprMaker ver 2.01beta  (2010-06-16)				  Elecbyte 2010
Processing sprites: done.                                      

Stats
26 sprites (26 unique), 1 palettes (1 unique, 25 discarded)
26 unique 8-bit sprite(s)
ldata   : 43211 bytes 	tdata   : 0 bytes
filesize: 44467 bytes (0 bytes saved by optimization before cropping)
mem use : 55847 bytes

26 sprite(s) compressed; 88711 bytes saved; avg compression 32.23%
SprMaker ver 2.01beta  (2010-06-16)				  Elecbyte 2010
Processing sprites: done.                                      

Stats
0 sprites (0 unique), 0 palettes (0 unique)
ldata   : 0 bytes 	tdata   : 0 bytes
filesize: 512 bytes (0 bytes saved by optimization before cropping)
mem use : 544 bytes

SprMaker ver 2.01beta  (2010-06-16)				  Elecbyte 2010
Processing sprites: done.                                      

Stats
0 sprites (0 unique), 0 palettes (0 unique)
ldata   : 0 bytes 	tdata   : 0 bytes
filesize: 512 bytes (0 bytes saved by optimization before cropping)
mem use : 544 bytes

SprMaker ver 2.01beta  (2010-06-16)				  Elecbyte 2010
Processing sprites: done.                                      

Stats
5 sprites (5 unique), 1 palettes (1 unique, 4 discarded)
5 unique 8-bit sprite(s)
ldata   : 7078 bytes 	tdata   : 0 bytes
filesize: 7746 bytes (0 bytes saved by optimization before cropping)
mem use : 10434 bytes

5 sprite(s) compressed; 29204 bytes saved; avg compression 17.17%
SprMaker ver 2.01beta  (2010-06-16)				  Elecbyte 2010
Processing sprites: done.                                      

Stats
0 sprites (0 unique), 0 palettes (0 unique)
ldata   : 0 bytes 	tdata   : 0 bytes
filesize: 512 bytes (0 bytes saved by optimization before cropping)
mem use : 544 bytes

SprMaker ver 2.01beta  (2010-06-16)				  Elecbyte 2010
Processing sprites: done.                                      

Stats
36 sprites (36 unique), 1 palettes (1 unique, 35 discarded)
36 unique 8-bit sprite(s)
ldata   : 76254 bytes 	tdata   : 0 bytes
filesize: 77790 bytes (0 bytes saved by optimization before cropping)
mem use : 93690 bytes

36 sprite(s) compressed; 131777 bytes saved; avg compression 36.34%
SprMaker ver 2.01beta  (2010-06-16)				  Elecbyte 2010
Processing sprites: done.                                      

Stats
21 sprites (21 unique), 1 palettes (1 unique, 20 discarded)
21 unique 8-bit sprite(s)
ldata   : 34257 bytes 	tdata   : 0 bytes
filesize: 35373 bytes (0 bytes saved by optimization before cropping)
mem use : 44777 bytes

21 sprite(s) compressed; 72560 bytes saved; avg compression 31.41%
SprMaker ver 2.01beta  (2010-06-16)				  Elecbyte 2010
Processing sprites: done.                                      

Stats
13 sprites (13 unique), 1 palettes (1 unique, 12 discarded)
13 unique 8-bit sprite(s)
ldata   : 22898 bytes 	tdata   : 0 bytes
filesize: 23790 bytes (0 bytes saved by optimization before cropping)
mem use : 29434 bytes

13 sprite(s) compressed; 48174 bytes saved; avg compression 31.23%
SprMaker ver 2.01beta  (2010-06-16)				  Elecbyte 2010
Processing sprites: done.                                      

Stats
8 sprites (8 unique), 1 palettes (1 unique, 7 discarded)
8 unique 8-bit sprite(s)
ldata   : 12803 bytes 	tdata   : 0 bytes
filesize: 13555 bytes (0 bytes saved by optimization before cropping)
mem use : 16875 bytes

8 sprite(s) compressed; 56425 bytes saved; avg compression 17.27%
SprMaker ver 2.01beta  (2010-06-16)				  Elecbyte 2010
Processing sprites: done.                                      

Stats
21 sprites (21 unique), 1 palettes (1 unique, 20 discarded)
21 unique 8-bit sprite(s)
ldata   : 55061 bytes 	tdata   : 0 bytes
filesize: 56177 bytes (0 bytes saved by optimization before cropping)
mem use : 66649 bytes

3 sprite(s) cropped; 8191 bytes (8191 pixels) eliminated
21 sprite(s) compressed; 212109 bytes saved; avg compression 20.30%
SprMaker ver 2.01beta  (2010-06-16)				  Elecbyte 2010
Processing sprites: done.                                      

Stats
16 sprites (16 unique), 1 palettes (1 unique, 15 discarded)
16 unique 8-bit sprite(s)
ldata   : 21157 bytes 	tdata   : 0 bytes
filesize: 22133 bytes (0 bytes saved by optimization before cropping)
mem use : 27341 bytes

6 sprite(s) cropped; 35296556 bytes (35296556 pixels) eliminated
16 sprite(s) compressed; 26788 bytes saved; avg compression 42.91%
SprMaker ver 2.01beta  (2010-06-16)				  Elecbyte 2010
Processing sprites: done.                                      

Stats
41 sprites (41 unique), 1 palettes (1 unique, 40 discarded)
41 unique 8-bit sprite(s)
ldata   : 74586 bytes 	tdata   : 0 bytes
filesize: 76262 bytes (0 bytes saved by optimization before cropping)
mem use : 91506 bytes

41 sprite(s) compressed; 141002 bytes saved; avg compression 34.28%
SprMaker ver 2.01beta  (2010-06-16)				  Elecbyte 2010
Processing sprites: done.                                      

Stats
45 sprites (45 unique), 1 palettes (1 unique, 44 discarded)
45 unique 8-bit sprite(s)
ldata   : 84356 bytes 	tdata   : 0 bytes
filesize: 86144 bytes (0 bytes saved by optimization before cropping)
mem use : 104088 bytes

45 sprite(s) compressed; 246949 bytes saved; avg compression 25.23%
SprMaker ver 2.01beta  (2010-06-16)				  Elecbyte 2010
Processing sprites: done.                                      

Stats
6 sprites (6 unique), 1 palettes (1 unique, 5 discarded)
6 unique 8-bit sprite(s)
ldata   : 17207 bytes 	tdata   : 0 bytes
filesize: 17903 bytes (0 bytes saved by optimization before cropping)
mem use : 20935 bytes

6 sprite(s) compressed; 26336 bytes saved; avg compression 38.06%
SprMaker ver 2.01beta  (2010-06-16)				  Elecbyte 2010
Processing sprites: done.                                      

Stats
15 sprites (15 unique), 1 palettes (1 unique, 14 discarded)
15 unique 8-bit sprite(s)
ldata   : 30242 bytes 	tdata   : 0 bytes
filesize: 31190 bytes (0 bytes saved by optimization before cropping)
mem use : 37338 bytes

2 sprite(s) cropped; 2500 bytes (2500 pixels) eliminated
15 sprite(s) compressed; 50778 bytes saved; avg compression 36.52%
SprMaker ver 2.01beta  (2010-06-16)				  Elecbyte 2010
Processing sprites: done.                                      

Stats
45 sprites (45 unique), 1 palettes (1 unique, 44 discarded)
45 unique 8-bit sprite(s)
ldata   : 84356 bytes 	tdata   : 0 bytes
filesize: 86144 bytes (0 bytes saved by optimization before cropping)
mem use : 104088 bytes

45 sprite(s) compressed; 246949 bytes saved; avg compression 25.23%
SprMaker ver 2.01beta  (2010-06-16)				  Elecbyte 2010
Processing sprites: done.                                      

Stats
45 sprites (45 unique), 1 palettes (1 unique, 44 discarded)
45 unique 8-bit sprite(s)
ldata   : 84356 bytes 	tdata   : 0 bytes
filesize: 86144 bytes (0 bytes saved by optimization before cropping)
mem use : 104088 bytes

45 sprite(s) compressed; 246949 bytes saved; avg compression 25.23%
SprMaker ver 2.01beta  (2010-06-16)				  Elecbyte 2010
Processing sprites: done.                                      

Stats
15 sprites (15 unique), 1 palettes (1 unique, 14 discarded)
15 unique 8-bit sprite(s)
ldata   : 30242 bytes 	tdata   : 0 bytes
filesize: 31190 bytes (0 bytes saved by optimization before cropping)
mem use : 37338 bytes

2 sprite(s) cropped; 2500 bytes (2500 pixels) eliminated
15 sprite(s) compressed; 50778 bytes saved; avg compression 36.52%
SprMaker ver 2.01beta  (2010-06-16)				  Elecbyte 2010
Processing sprites: done.                                      

Stats
21 sprites (21 unique), 1 palettes (1 unique, 20 discarded)
21 unique 8-bit sprite(s)
ldata   : 55061 bytes 	tdata   : 0 bytes
filesize: 56177 bytes (0 bytes saved by optimization before cropping)
mem use : 66649 bytes

3 sprite(s) cropped; 8191 bytes (8191 pixels) eliminated
21 sprite(s) compressed; 212109 bytes saved; avg compression 20.30%
SprMaker ver 2.01beta  (2010-06-16)				  Elecbyte 2010
Processing sprites: done.                                      

Stats
16 sprites (16 unique), 1 palettes (1 unique, 15 discarded)
16 unique 8-bit sprite(s)
ldata   : 21157 bytes 	tdata   : 0 bytes
filesize: 22133 bytes (0 bytes saved by optimization before cropping)
mem use : 27341 bytes

6 sprite(s) cropped; 35296556 bytes (35296556 pixels) eliminated
16 sprite(s) compressed; 26788 bytes saved; avg compression 42.91%
SprMaker ver 2.01beta  (2010-06-16)				  Elecbyte 2010
Processing sprites: done.                                      

Stats
8 sprites (8 unique), 1 palettes (1 unique, 7 discarded)
8 unique 8-bit sprite(s)
ldata   : 12346 bytes 	tdata   : 0 bytes
filesize: 13098 bytes (0 bytes saved by optimization before cropping)
mem use : 17354 bytes

8 sprite(s) compressed; 23041 bytes saved; avg compression 32.95%
SprMaker ver 2.01beta  (2010-06-16)				  Elecbyte 2010
Processing sprites: done.                                      

Stats
8 sprites (8 unique), 1 palettes (1 unique, 7 discarded)
8 unique 8-bit sprite(s)
ldata   : 12346 bytes 	tdata   : 0 bytes
filesize: 13098 bytes (0 bytes saved by optimization before cropping)
mem use : 17354 bytes

8 sprite(s) compressed; 23041 bytes saved; avg compression 32.95%
SprMaker ver 2.01beta  (2010-06-16)				  Elecbyte 2010
Processing sprites: done.                                      

Stats
6 sprites (6 unique), 1 palettes (1 unique, 5 discarded)
6 unique 8-bit sprite(s)
ldata   : 17207 bytes 	tdata   : 0 bytes
filesize: 17903 bytes (0 bytes saved by optimization before cropping)
mem use : 20935 bytes

6 sprite(s) compressed; 26336 bytes saved; avg compression 38.06%
SprMaker ver 2.01beta  (2010-06-16)				  Elecbyte 2010
Processing sprites: done.                                      

Stats
16 sprites (16 unique), 1 palettes (1 unique, 15 discarded)
16 unique 8-bit sprite(s)
ldata   : 21157 bytes 	tdata   : 0 bytes
filesize: 22133 bytes (0 bytes saved by optimization before cropping)
mem use : 27341 bytes

6 sprite(s) cropped; 35296556 bytes (35296556 pixels) eliminated
16 sprite(s) compressed; 26788 bytes saved; avg compression 42.91%
SprMaker ver 2.01beta  (2010-06-16)				  Elecbyte 2010
Processing sprites: done.                                      

Stats
20 sprites (20 unique), 1 palettes (1 unique, 19 discarded)
20 unique 8-bit sprite(s)
ldata   : 57200 bytes 	tdata   : 0 bytes
filesize: 58288 bytes (0 bytes saved by optimization before cropping)
mem use : 69044 bytes

20 sprite(s) compressed; 82220 bytes saved; avg compression 40.59%
SprMaker ver 2.01beta  (2010-06-16)				  Elecbyte 2010
Processing sprites: done.                                      

Stats
25 sprites (25 unique), 1 palettes (1 unique, 24 discarded)
25 unique 8-bit sprite(s)
ldata   : 71412 bytes 	tdata   : 0 bytes
filesize: 72640 bytes (0 bytes saved by optimization before cropping)
mem use : 86184 bytes

25 sprite(s) compressed; 121784 bytes saved; avg compression 36.63%
SprMaker ver 2.01beta  (2010-06-16)				  Elecbyte 2010
Processing sprites: done.                                      

Stats
22 sprites (22 unique), 1 palettes (1 unique, 21 discarded)
22 unique 8-bit sprite(s)
ldata   : 46536 bytes 	tdata   : 0 bytes
filesize: 47680 bytes (0 bytes saved by optimization before cropping)
mem use : 58992 bytes

7 sprite(s) cropped; 38461 bytes (38461 pixels) eliminated
22 sprite(s) compressed; 150074 bytes saved; avg compression 23.27%
SprMaker ver 2.01beta  (2010-06-16)				  Elecbyte 2010
Processing sprites: done.                                      

Stats
331 sprites (331 unique), 1 palettes (1 unique, 330 discarded)
331 unique 8-bit sprite(s)
ldata   : 5115295 bytes 	tdata   : 0 bytes
filesize: 5125091 bytes (0 bytes saved by optimization before cropping)
mem use : 5660319 bytes

331 sprite(s) compressed; 49356755 bytes saved; avg compression 9.39%
SprMaker ver 2.01beta  (2010-06-16)				  Elecbyte 2010
Processing sprites: done.                                      

Stats
13 sprites (13 unique), 2 palettes (2 unique, 11 discarded)
13 unique 8-bit sprite(s)
ldata   : 22881 bytes 	tdata   : 0 bytes
filesize: 23789 bytes (0 bytes saved by optimization before cropping)
mem use : 29565 bytes

13 sprite(s) compressed; 35139 bytes saved; avg compression 37.22%
SprMaker ver 2.01beta  (2010-06-16)				  Elecbyte 2010
Processing sprites: done.                                      

Stats
15 sprites (15 unique), 1 palettes (1 unique, 14 discarded)
15 unique 8-bit sprite(s)
ldata   : 18972 bytes 	tdata   : 0 bytes
filesize: 19920 bytes (0 bytes saved by optimization before cropping)
mem use : 26716 bytes

1 sprite(s) cropped; 432 bytes (432 pixels) eliminated
15 sprite(s) compressed; 88378 bytes saved; avg compression 16.88%
SprMaker ver 2.01beta  (2010-06-16)				  Elecbyte 2010
Processing sprites: done.                                      

Stats
9 sprites (9 unique), 3 palettes (3 unique, 6 discarded)
9 unique 8-bit sprite(s)
ldata   : 26473 bytes 	tdata   : 0 bytes
filesize: 27285 bytes (0 bytes saved by optimization before cropping)
mem use : 34125 bytes

9 sprite(s) cropped; 43259 bytes (43259 pixels) eliminated
9 sprite(s) compressed; 136146 bytes saved; avg compression 14.67%
SprMaker ver 2.01beta  (2010-06-16)				  Elecbyte 2010
Processing sprites: done.                                      

Stats
19 sprites (19 unique), 1 palettes (1 unique, 18 discarded)
19 unique 8-bit sprite(s)
ldata   : 32478 bytes 	tdata   : 0 bytes
filesize: 33538 bytes (0 bytes saved by optimization before cropping)
mem use : 43066 bytes

19 sprite(s) compressed; 127992 bytes saved; avg compression 19.73%
SprMaker ver 2.01beta  (2010-06-16)				  Elecbyte 2010
Processing sprites: done.                                      

Stats
16 sprites (16 unique), 1 palettes (1 unique)
1 unique 8-bit sprite(s)
15 unique 32-bit sprite(s)
ldata   : 524548 bytes 	tdata   : 0 bytes
filesize: 525524 bytes (0 bytes saved by optimization before cropping)
mem use : 541012 bytes

16 sprite(s) compressed; 2046690 bytes saved; avg compression 20.37%
SprMaker ver 2.01beta  (2010-06-16)				  Elecbyte 2010
Processing sprites: done.                                      

Stats
34 sprites (34 unique), 1 palettes (1 unique, 33 discarded)
34 unique 8-bit sprite(s)
ldata   : 81203 bytes 	tdata   : 0 bytes
filesize: 82683 bytes (0 bytes saved by optimization before cropping)
mem use : 96971 bytes

34 sprite(s) compressed; 195241 bytes saved; avg compression 29.11%
SprMaker ver 2.01beta  (2010-06-16)				  Elecbyte 2010
Processing sprites: done.                                      

Stats
10 sprites (10 unique), 1 palettes (1 unique, 9 discarded)
10 unique 8-bit sprite(s)
ldata   : 16044 bytes 	tdata   : 0 bytes
filesize: 16852 bytes (0 bytes saved by optimization before cropping)
mem use : 20976 bytes

10 sprite(s) compressed; 16294 bytes saved; avg compression 47.97%
SprMaker ver 2.01beta  (2010-06-16)				  Elecbyte 2010
Processing sprites: done.                                      

Stats
39 sprites (39 unique), 1 palettes (1 unique, 38 discarded)
39 unique 8-bit sprite(s)
ldata   : 71443 bytes 	tdata   : 0 bytes
filesize: 73063 bytes (0 bytes saved by optimization before cropping)
mem use : 91895 bytes

39 sprite(s) compressed; 166021 bytes saved; avg compression 29.78%
SprMaker ver 2.01beta  (2010-06-16)				  Elecbyte 2010
Processing sprites: done.                                      

Stats
15 sprites (15 unique), 2 palettes (2 unique, 13 discarded)
15 unique 8-bit sprite(s)
ldata   : 57671 bytes 	tdata   : 0 bytes
filesize: 58635 bytes (0 bytes saved by optimization before cropping)
mem use : 64307 bytes

1 sprite(s) cropped; 2560 bytes (2560 pixels) eliminated
15 sprite(s) compressed; 252457 bytes saved; avg compression 18.05%
SprMaker ver 2.01beta  (2010-06-16)				  Elecbyte 2010
Processing sprites: done.                                      

Stats
39 sprites (39 unique), 1 palettes (1 unique, 38 discarded)
39 unique 8-bit sprite(s)
ldata   : 77078 bytes 	tdata   : 0 bytes
filesize: 78698 bytes (0 bytes saved by optimization before cropping)
mem use : 97566 bytes

39 sprite(s) compressed; 188606 bytes saved; avg compression 28.74%
SprMaker ver 2.01beta  (2010-06-16)				  Elecbyte 2010
Processing sprites: done.                                      

Stats
15 sprites (15 unique), 1 palettes (1 unique, 14 discarded)
15 unique 8-bit sprite(s)
ldata   : 31892 bytes 	tdata   : 0 bytes
filesize: 32840 bytes (0 bytes saved by optimization before cropping)
mem use : 40260 bytes

15 sprite(s) compressed; 140345 bytes saved; avg compression 18.03%
SprMaker ver 2.01beta  (2010-06-16)				  Elecbyte 2010
Processing sprites: done.                                      

Stats
43 sprites (43 unique), 1 palettes (1 unique, 42 discarded)
43 unique 8-bit sprite(s)
ldata   : 94922 bytes 	tdata   : 0 bytes
filesize: 96654 bytes (0 bytes saved by optimization before cropping)
mem use : 119786 bytes

43 sprite(s) compressed; 519316 bytes saved; avg compression 15.31%
SprMaker ver 2.01beta  (2010-06-16)				  Elecbyte 2010
Processing sprites: done.                                      

Stats
14 sprites (14 unique), 1 palettes (1 unique, 13 discarded)
14 unique 8-bit sprite(s)
ldata   : 22160 bytes 	tdata   : 0 bytes
filesize: 23080 bytes (0 bytes saved by optimization before cropping)
mem use : 28648 bytes

1 sprite(s) cropped; 76 bytes (76 pixels) eliminated
14 sprite(s) compressed; 63842 bytes saved; avg compression 24.87%
